<?xml version="1.0" encoding="UTF-8"?>
<testsuite xmlns:xsi="http://www.w3.org/2001/XMLSchema-instance" xsi:noNamespaceSchemaLocation="https://maven.apache.org/surefire/maven-surefire-plugin/xsd/surefire-test-report.xsd" version="3.0.2" name="com.nimbly.phshoesbackend.services.common.core.api.rate.DefaultApiRateLimiterTest" time="0.151" tests="4" errors="0" skipped="0" failures="0">
  <properties>
[...]
</properties>
  <testcase name="blocksWhenGlobalLimitExceeded" classname="com.nimbly.phshoesbackend.services.common.core.api.rate.DefaultApiRateLimiterTest" time="0.107">
    <system-out><![CDATA[12:27:01.802 [main] WARN com.nimbly.phshoesbackend.services.common.core.api.rate.DefaultApiRateLimiter -- [API-RATE] limit exceeded route=default scope=global limit=2 attempted=3 (+1)
]]></system-out>
  </testcase>
  <testcase name="allowsRequestsWithinDefaultLimits" classname="com.nimbly.phshoesbackend.services.common.core.api.rate.DefaultApiRateLimiterTest" time="0.003"/>
  <testcase name="enforcesPerIpLimit" classname="com.nimbly.phshoesbackend.services.common.core.api.rate.DefaultApiRateLimiterTest" time="0.004">
    <system-out><![CDATA[12:27:01.827 [main] WARN com.nimbly.phshoesbackend.services.common.core.api.rate.DefaultApiRateLimiter -- [API-RATE] limit exceeded route=default scope=ip:10.0.0.1 limit=1 attempted=2 (+1)
]]></system-out>
  </testcase>
  <testcase name="routeOverridesTakePrecedence" classname="com.nimbly.phshoesbackend.services.common.core.api.rate.DefaultApiRateLimiterTest" time="0.007">
    <system-out><![CDATA[12:27:01.835 [main] WARN com.nimbly.phshoesbackend.services.common.core.api.rate.DefaultApiRateLimiter -- [API-RATE] limit exceeded route=signup scope=user:user-override limit=1 attempted=2 (+1)
]]></system-out>
  </testcase>
</testsuite>